<?xml version="1.0" encoding="UTF-8"?>
<testsuite name="tests.AndroidTests" tests="5" skipped="0" failures="0" errors="0" timestamp="2023-03-02T11:01:28" hostname="WAGR" time="61.83">
  <properties/>
  <testcase name="Поиск страницы BrowserStack" classname="tests.AndroidTests" time="16.037"/>
  <testcase name="Поиск по одной букве А" classname="tests.AndroidTests" time="11.866"/>
  <testcase name="Прохождение онбординга" classname="tests.AndroidTests" time="11.363"/>
  <testcase name="Поиск страницы Microsoft, проверка на странице" classname="tests.AndroidTests" time="12.673"/>
  <testcase name="Скрытие карточки на главной странице" classname="tests.AndroidTests" time="9.883"/>
  <system-out><![CDATA[]]></system-out>
  <system-err><![CDATA[[Test worker] INFO com.codeborne.selenide.impl.Plugins - Using implementation of com.codeborne.selenide.impl.PageSourceExtractor: com.codeborne.selenide.appium.AppiumScreenSourceExtractor
[Test worker] INFO com.codeborne.selenide.impl.Plugins - Using implementation of com.codeborne.selenide.impl.PageObjectFactory: com.codeborne.selenide.appium.SelenideAppiumPageFactory
[Test worker] INFO com.codeborne.selenide.impl.Plugins - Using implementation of com.codeborne.selenide.impl.ElementDescriber: com.codeborne.selenide.appium.AppiumElementDescriber
[Test worker] INFO com.codeborne.selenide.impl.WebDriverThreadLocalContainer - No webdriver is bound to current thread: 1 - let's create a new webdriver
[Test worker] INFO com.codeborne.selenide.impl.FileHelper - Creating folder: G:\final_project_mobile_wiki\build\downloads\1677754888189_4208_1
[Test worker] INFO com.codeborne.selenide.webdriver.SelenideNettyClientFactory - Changed readTimeout from PT10M to PT10M
[Test worker] INFO com.codeborne.selenide.webdriver.WebDriverFactory - Failed to set page load timeout to 15000 ms: org.openqa.selenium.UnsupportedCommandException: {"value":{"error":"unknown method","message":"Not implemented yet for pageLoad.","stacktrace":"NotImplementedError: Not implemented yet for pageLoad.\n    at AndroidUiautomator2Driver.pageLoadTimeoutW3C (C:\\Program Files\\Appium Server GUI\\resources\\app\\node_modules\\appium\\node_modules\\appium-base-driver\\lib\\basedriver\\commands\\timeout.js:83:9)\n    at AndroidUiautomator2Driver.timeouts (C:\\Program Files\\Appium Server GUI\\resources\\app\\node_modules\\appium\\node_modules\\appium-base-driver\\lib\\basedriver\\commands\\timeout.js:40:16)\n    at commandExecutor (C:\\Program Files\\Appium Server GUI\\resources\\app\\node_modules\\appium\\node_modules\\appium-base-driver\\lib\\basedriver\\driver.js:335:9)\n    at C:\\Program Files\\Appium Server GUI\\resources\\app\\node_modules\\appium\\node_modules\\async-lock\\lib\\index.js:146:12\n    at AsyncLock._promiseTry (C:\\Program Files\\Appium Server GUI\\resources\\app\\node_modules\\appium\\node_modules\\async-lock\\lib\\index.js:280:31)\n    at exec (C:\\Program Files\\Appium Server GUI\\resources\\app\\node_modules\\appium\\node_modules\\async-lock\\lib\\index.js:145:9)\n    at AsyncLock.acquire (C:\\Program Files\\Appium Server GUI\\resources\\app\\node_modules\\appium\\node_modules\\async-lock\\lib\\index.js:162:3)\n    at AndroidUiautomator2Driver.executeCommand (C:\\Program Files\\Appium Server GUI\\resources\\app\\node_modules\\appium\\node_modules\\appium-base-driver\\lib\\basedriver\\driver.js:348:39)\n    at AppiumDriver.executeCommand (C:\\Program Files\\Appium Server GUI\\resources\\app\\node_modules\\appium\\lib\\appium.js:563:36)\n    at processTicksAndRejections (internal/process/task_queues.js:97:5)\n    at asyncHandler (C:\\Program Files\\Appium Server GUI\\resources\\app\\node_modules\\appium\\node_modules\\appium-base-driver\\lib\\protocol\\protocol.js:297:21)"}}
Command duration or timeout: 43 milliseconds
Build info: version: '4.8.0', revision: '267030adea'
System info: os.name: 'Windows 10', os.arch: 'amd64', os.version: '10.0', java.version: '11.0.2'
Driver info: io.appium.java_client.android.AndroidDriver
Command: [20502b48-867b-4766-8126-63e5fe8727bd, setTimeout {pageLoad=15000}]
Capabilities {appium:app: G:\final_project_mobile_wik..., appium:appActivity: org.wikipedia.main.MainActi..., appium:appPackage: org.wikipedia.alpha, appium:automationName: UIAutomator2, appium:databaseEnabled: false, appium:desired: {app: G:\final_project_mobile_wik..., appActivity: org.wikipedia.main.MainActi..., appPackage: org.wikipedia.alpha, automationName: UIAutomator2, deviceName: Pixel 4 API 30, platformName: android, platformVersion: 11.0}, appium:deviceApiLevel: 30, appium:deviceManufacturer: Google, appium:deviceModel: sdk_gphone_x86, appium:deviceName: emulator-5554, appium:deviceScreenDensity: 440, appium:deviceScreenSize: 1080x2280, appium:deviceUDID: emulator-5554, appium:javascriptEnabled: true, appium:locationContextEnabled: false, appium:networkConnectionEnabled: true, appium:pixelRatio: 2.75, appium:platformVersion: 11, appium:statBarHeight: 135, appium:takesScreenshot: true, appium:viewportRect: {height: 1842, left: 0, top: 135, width: 1080}, appium:warnings: {}, appium:webStorageEnabled: false, platformName: ANDROID}
Session ID: 20502b48-867b-4766-8126-63e5fe8727bd
[Test worker] INFO com.codeborne.selenide.webdriver.WebDriverFactory - BrowserName= Version= Platform=ANDROID
[Test worker] INFO com.codeborne.selenide.webdriver.WebDriverFactory - Selenide v. 6.11.2
[Test worker] INFO com.codeborne.selenide.webdriver.WebDriverFactory - Selenium WebDriver v. 4.8.0 build revision: 267030adea
[Test worker] INFO com.codeborne.selenide.drivercommands.CreateDriverCommand - Created webdriver in thread 1: AndroidDriver -> AndroidDriver:  on ANDROID (20502b48-867b-4766-8126-63e5fe8727bd)
[Test worker] INFO com.codeborne.selenide.drivercommands.DisposablesRegistry - Register WebDriverInstance[config=StaticConfig,webDriver=AndroidDriver:  on ANDROID (20502b48-867b-4766-8126-63e5fe8727bd),proxy=null,downloadsFolder=G:\final_project_mobile_wiki\build\downloads\1677754888189_4208_1] in 1 [size=1]
[Test worker] INFO com.codeborne.selenide.drivercommands.DisposablesRegistry - Add shutdown hook in 1 [size=1]
[Test worker] INFO com.codeborne.selenide.impl.Plugins - Using implementation of com.codeborne.selenide.commands.Commands: com.codeborne.selenide.appium.commands.SelenideAppiumCommands
[Test worker] INFO com.codeborne.selenide.impl.FileHelper - Deleted empty folder: G:\final_project_mobile_wiki\build\downloads\1677754888189_4208_1
[Test worker] INFO com.codeborne.selenide.drivercommands.CloseDriverCommand - Close webdriver: 1 -> AndroidDriver:  on ANDROID (20502b48-867b-4766-8126-63e5fe8727bd)...
[Test worker] INFO com.codeborne.selenide.drivercommands.CloseDriverCommand - Closed webdriver 1 in 292 ms
[Test worker] INFO com.codeborne.selenide.drivercommands.DisposablesRegistry - Unregister WebDriverInstance[config=StaticConfig,webDriver=AndroidDriver:  on ANDROID (null),proxy=null,downloadsFolder=G:\final_project_mobile_wiki\build\downloads\1677754888189_4208_1] in 1 [size=0]
[Test worker] INFO com.codeborne.selenide.impl.WebDriverThreadLocalContainer - No webdriver is bound to current thread: 1 - let's create a new webdriver
[Test worker] INFO com.codeborne.selenide.impl.FileHelper - Creating folder: G:\final_project_mobile_wiki\build\downloads\1677754904214_4208_1
[Test worker] INFO com.codeborne.selenide.webdriver.SelenideNettyClientFactory - Changed readTimeout from PT10M to PT10M
[Test worker] INFO com.codeborne.selenide.webdriver.WebDriverFactory - Failed to set page load timeout to 15000 ms: org.openqa.selenium.UnsupportedCommandException: {"value":{"error":"unknown method","message":"Not implemented yet for pageLoad.","stacktrace":"NotImplementedError: Not implemented yet for pageLoad.\n    at AndroidUiautomator2Driver.pageLoadTimeoutW3C (C:\\Program Files\\Appium Server GUI\\resources\\app\\node_modules\\appium\\node_modules\\appium-base-driver\\lib\\basedriver\\commands\\timeout.js:83:9)\n    at AndroidUiautomator2Driver.timeouts (C:\\Program Files\\Appium Server GUI\\resources\\app\\node_modules\\appium\\node_modules\\appium-base-driver\\lib\\basedriver\\commands\\timeout.js:40:16)\n    at commandExecutor (C:\\Program Files\\Appium Server GUI\\resources\\app\\node_modules\\appium\\node_modules\\appium-base-driver\\lib\\basedriver\\driver.js:335:9)\n    at C:\\Program Files\\Appium Server GUI\\resources\\app\\node_modules\\appium\\node_modules\\async-lock\\lib\\index.js:146:12\n    at AsyncLock._promiseTry (C:\\Program Files\\Appium Server GUI\\resources\\app\\node_modules\\appium\\node_modules\\async-lock\\lib\\index.js:280:31)\n    at exec (C:\\Program Files\\Appium Server GUI\\resources\\app\\node_modules\\appium\\node_modules\\async-lock\\lib\\index.js:145:9)\n    at AsyncLock.acquire (C:\\Program Files\\Appium Server GUI\\resources\\app\\node_modules\\appium\\node_modules\\async-lock\\lib\\index.js:162:3)\n    at AndroidUiautomator2Driver.executeCommand (C:\\Program Files\\Appium Server GUI\\resources\\app\\node_modules\\appium\\node_modules\\appium-base-driver\\lib\\basedriver\\driver.js:348:39)\n    at AppiumDriver.executeCommand (C:\\Program Files\\Appium Server GUI\\resources\\app\\node_modules\\appium\\lib\\appium.js:563:36)\n    at processTicksAndRejections (internal/process/task_queues.js:97:5)\n    at asyncHandler (C:\\Program Files\\Appium Server GUI\\resources\\app\\node_modules\\appium\\node_modules\\appium-base-driver\\lib\\protocol\\protocol.js:297:21)"}}
Command duration or timeout: 6 milliseconds
Build info: version: '4.8.0', revision: '267030adea'
System info: os.name: 'Windows 10', os.arch: 'amd64', os.version: '10.0', java.version: '11.0.2'
Driver info: io.appium.java_client.android.AndroidDriver
Command: [a5dbccbe-0833-45cf-80c8-a74171268173, setTimeout {pageLoad=15000}]
Capabilities {appium:app: G:\final_project_mobile_wik..., appium:appActivity: org.wikipedia.main.MainActi..., appium:appPackage: org.wikipedia.alpha, appium:automationName: UIAutomator2, appium:databaseEnabled: false, appium:desired: {app: G:\final_project_mobile_wik..., appActivity: org.wikipedia.main.MainActi..., appPackage: org.wikipedia.alpha, automationName: UIAutomator2, deviceName: Pixel 4 API 30, platformName: android, platformVersion: 11.0}, appium:deviceApiLevel: 30, appium:deviceManufacturer: Google, appium:deviceModel: sdk_gphone_x86, appium:deviceName: emulator-5554, appium:deviceScreenDensity: 440, appium:deviceScreenSize: 1080x2280, appium:deviceUDID: emulator-5554, appium:javascriptEnabled: true, appium:locationContextEnabled: false, appium:networkConnectionEnabled: true, appium:pixelRatio: 2.75, appium:platformVersion: 11, appium:statBarHeight: 135, appium:takesScreenshot: true, appium:viewportRect: {height: 1842, left: 0, top: 135, width: 1080}, appium:warnings: {}, appium:webStorageEnabled: false, platformName: ANDROID}
Session ID: a5dbccbe-0833-45cf-80c8-a74171268173
[Test worker] INFO com.codeborne.selenide.webdriver.WebDriverFactory - BrowserName= Version= Platform=ANDROID
[Test worker] INFO com.codeborne.selenide.webdriver.WebDriverFactory - Selenide v. 6.11.2
[Test worker] INFO com.codeborne.selenide.webdriver.WebDriverFactory - Selenium WebDriver v. 4.8.0 build revision: 267030adea
[Test worker] INFO com.codeborne.selenide.drivercommands.CreateDriverCommand - Created webdriver in thread 1: AndroidDriver -> AndroidDriver:  on ANDROID (a5dbccbe-0833-45cf-80c8-a74171268173)
[Test worker] INFO com.codeborne.selenide.drivercommands.DisposablesRegistry - Register WebDriverInstance[config=StaticConfig,webDriver=AndroidDriver:  on ANDROID (a5dbccbe-0833-45cf-80c8-a74171268173),proxy=null,downloadsFolder=G:\final_project_mobile_wiki\build\downloads\1677754904214_4208_1] in 1 [size=1]
[Test worker] INFO com.codeborne.selenide.impl.FileHelper - Deleted empty folder: G:\final_project_mobile_wiki\build\downloads\1677754904214_4208_1
[Test worker] INFO com.codeborne.selenide.drivercommands.CloseDriverCommand - Close webdriver: 1 -> AndroidDriver:  on ANDROID (a5dbccbe-0833-45cf-80c8-a74171268173)...
[Test worker] INFO com.codeborne.selenide.drivercommands.CloseDriverCommand - Closed webdriver 1 in 205 ms
[Test worker] INFO com.codeborne.selenide.drivercommands.DisposablesRegistry - Unregister WebDriverInstance[config=StaticConfig,webDriver=AndroidDriver:  on ANDROID (null),proxy=null,downloadsFolder=G:\final_project_mobile_wiki\build\downloads\1677754904214_4208_1] in 1 [size=0]
[Test worker] INFO com.codeborne.selenide.impl.WebDriverThreadLocalContainer - No webdriver is bound to current thread: 1 - let's create a new webdriver
[Test worker] INFO com.codeborne.selenide.impl.FileHelper - Creating folder: G:\final_project_mobile_wiki\build\downloads\1677754916081_4208_1
[Test worker] INFO com.codeborne.selenide.webdriver.SelenideNettyClientFactory - Changed readTimeout from PT10M to PT10M
[Test worker] INFO com.codeborne.selenide.webdriver.WebDriverFactory - Failed to set page load timeout to 15000 ms: org.openqa.selenium.UnsupportedCommandException: {"value":{"error":"unknown method","message":"Not implemented yet for pageLoad.","stacktrace":"NotImplementedError: Not implemented yet for pageLoad.\n    at AndroidUiautomator2Driver.pageLoadTimeoutW3C (C:\\Program Files\\Appium Server GUI\\resources\\app\\node_modules\\appium\\node_modules\\appium-base-driver\\lib\\basedriver\\commands\\timeout.js:83:9)\n    at AndroidUiautomator2Driver.timeouts (C:\\Program Files\\Appium Server GUI\\resources\\app\\node_modules\\appium\\node_modules\\appium-base-driver\\lib\\basedriver\\commands\\timeout.js:40:16)\n    at commandExecutor (C:\\Program Files\\Appium Server GUI\\resources\\app\\node_modules\\appium\\node_modules\\appium-base-driver\\lib\\basedriver\\driver.js:335:9)\n    at C:\\Program Files\\Appium Server GUI\\resources\\app\\node_modules\\appium\\node_modules\\async-lock\\lib\\index.js:146:12\n    at AsyncLock._promiseTry (C:\\Program Files\\Appium Server GUI\\resources\\app\\node_modules\\appium\\node_modules\\async-lock\\lib\\index.js:280:31)\n    at exec (C:\\Program Files\\Appium Server GUI\\resources\\app\\node_modules\\appium\\node_modules\\async-lock\\lib\\index.js:145:9)\n    at AsyncLock.acquire (C:\\Program Files\\Appium Server GUI\\resources\\app\\node_modules\\appium\\node_modules\\async-lock\\lib\\index.js:162:3)\n    at AndroidUiautomator2Driver.executeCommand (C:\\Program Files\\Appium Server GUI\\resources\\app\\node_modules\\appium\\node_modules\\appium-base-driver\\lib\\basedriver\\driver.js:348:39)\n    at AppiumDriver.executeCommand (C:\\Program Files\\Appium Server GUI\\resources\\app\\node_modules\\appium\\lib\\appium.js:563:36)\n    at runMicrotasks (<anonymous>)\n    at processTicksAndRejections (internal/process/task_queues.js:97:5)\n    at asyncHandler (C:\\Program Files\\Appium Server GUI\\resources\\app\\node_modules\\appium\\node_modules\\appium-base-driver\\lib\\protocol\\protocol.js:297:21)"}}
Command duration or timeout: 4 milliseconds
Build info: version: '4.8.0', revision: '267030adea'
System info: os.name: 'Windows 10', os.arch: 'amd64', os.version: '10.0', java.version: '11.0.2'
Driver info: io.appium.java_client.android.AndroidDriver
Command: [5a20c102-0ddf-46f5-92d1-b8237c2c532e, setTimeout {pageLoad=15000}]
Capabilities {appium:app: G:\final_project_mobile_wik..., appium:appActivity: org.wikipedia.main.MainActi..., appium:appPackage: org.wikipedia.alpha, appium:automationName: UIAutomator2, appium:databaseEnabled: false, appium:desired: {app: G:\final_project_mobile_wik..., appActivity: org.wikipedia.main.MainActi..., appPackage: org.wikipedia.alpha, automationName: UIAutomator2, deviceName: Pixel 4 API 30, platformName: android, platformVersion: 11.0}, appium:deviceApiLevel: 30, appium:deviceManufacturer: Google, appium:deviceModel: sdk_gphone_x86, appium:deviceName: emulator-5554, appium:deviceScreenDensity: 440, appium:deviceScreenSize: 1080x2280, appium:deviceUDID: emulator-5554, appium:javascriptEnabled: true, appium:locationContextEnabled: false, appium:networkConnectionEnabled: true, appium:pixelRatio: 2.75, appium:platformVersion: 11, appium:statBarHeight: 135, appium:takesScreenshot: true, appium:viewportRect: {height: 1842, left: 0, top: 135, width: 1080}, appium:warnings: {}, appium:webStorageEnabled: false, platformName: ANDROID}
Session ID: 5a20c102-0ddf-46f5-92d1-b8237c2c532e
[Test worker] INFO com.codeborne.selenide.webdriver.WebDriverFactory - BrowserName= Version= Platform=ANDROID
[Test worker] INFO com.codeborne.selenide.webdriver.WebDriverFactory - Selenide v. 6.11.2
[Test worker] INFO com.codeborne.selenide.webdriver.WebDriverFactory - Selenium WebDriver v. 4.8.0 build revision: 267030adea
[Test worker] INFO com.codeborne.selenide.drivercommands.CreateDriverCommand - Created webdriver in thread 1: AndroidDriver -> AndroidDriver:  on ANDROID (5a20c102-0ddf-46f5-92d1-b8237c2c532e)
[Test worker] INFO com.codeborne.selenide.drivercommands.DisposablesRegistry - Register WebDriverInstance[config=StaticConfig,webDriver=AndroidDriver:  on ANDROID (5a20c102-0ddf-46f5-92d1-b8237c2c532e),proxy=null,downloadsFolder=G:\final_project_mobile_wiki\build\downloads\1677754916081_4208_1] in 1 [size=1]
[Test worker] INFO com.codeborne.selenide.impl.FileHelper - Deleted empty folder: G:\final_project_mobile_wiki\build\downloads\1677754916081_4208_1
[Test worker] INFO com.codeborne.selenide.drivercommands.CloseDriverCommand - Close webdriver: 1 -> AndroidDriver:  on ANDROID (5a20c102-0ddf-46f5-92d1-b8237c2c532e)...
[Test worker] INFO com.codeborne.selenide.drivercommands.CloseDriverCommand - Closed webdriver 1 in 199 ms
[Test worker] INFO com.codeborne.selenide.drivercommands.DisposablesRegistry - Unregister WebDriverInstance[config=StaticConfig,webDriver=AndroidDriver:  on ANDROID (null),proxy=null,downloadsFolder=G:\final_project_mobile_wiki\build\downloads\1677754916081_4208_1] in 1 [size=0]
[Test worker] INFO com.codeborne.selenide.impl.WebDriverThreadLocalContainer - No webdriver is bound to current thread: 1 - let's create a new webdriver
[Test worker] INFO com.codeborne.selenide.impl.FileHelper - Creating folder: G:\final_project_mobile_wiki\build\downloads\1677754927446_4208_1
[Test worker] INFO com.codeborne.selenide.webdriver.SelenideNettyClientFactory - Changed readTimeout from PT10M to PT10M
[Test worker] INFO com.codeborne.selenide.webdriver.WebDriverFactory - Failed to set page load timeout to 15000 ms: org.openqa.selenium.UnsupportedCommandException: {"value":{"error":"unknown method","message":"Not implemented yet for pageLoad.","stacktrace":"NotImplementedError: Not implemented yet for pageLoad.\n    at AndroidUiautomator2Driver.pageLoadTimeoutW3C (C:\\Program Files\\Appium Server GUI\\resources\\app\\node_modules\\appium\\node_modules\\appium-base-driver\\lib\\basedriver\\commands\\timeout.js:83:9)\n    at AndroidUiautomator2Driver.timeouts (C:\\Program Files\\Appium Server GUI\\resources\\app\\node_modules\\appium\\node_modules\\appium-base-driver\\lib\\basedriver\\commands\\timeout.js:40:16)\n    at commandExecutor (C:\\Program Files\\Appium Server GUI\\resources\\app\\node_modules\\appium\\node_modules\\appium-base-driver\\lib\\basedriver\\driver.js:335:9)\n    at C:\\Program Files\\Appium Server GUI\\resources\\app\\node_modules\\appium\\node_modules\\async-lock\\lib\\index.js:146:12\n    at AsyncLock._promiseTry (C:\\Program Files\\Appium Server GUI\\resources\\app\\node_modules\\appium\\node_modules\\async-lock\\lib\\index.js:280:31)\n    at exec (C:\\Program Files\\Appium Server GUI\\resources\\app\\node_modules\\appium\\node_modules\\async-lock\\lib\\index.js:145:9)\n    at AsyncLock.acquire (C:\\Program Files\\Appium Server GUI\\resources\\app\\node_modules\\appium\\node_modules\\async-lock\\lib\\index.js:162:3)\n    at AndroidUiautomator2Driver.executeCommand (C:\\Program Files\\Appium Server GUI\\resources\\app\\node_modules\\appium\\node_modules\\appium-base-driver\\lib\\basedriver\\driver.js:348:39)\n    at AppiumDriver.executeCommand (C:\\Program Files\\Appium Server GUI\\resources\\app\\node_modules\\appium\\lib\\appium.js:563:36)\n    at processTicksAndRejections (internal/process/task_queues.js:97:5)\n    at asyncHandler (C:\\Program Files\\Appium Server GUI\\resources\\app\\node_modules\\appium\\node_modules\\appium-base-driver\\lib\\protocol\\protocol.js:297:21)"}}
Command duration or timeout: 4 milliseconds
Build info: version: '4.8.0', revision: '267030adea'
System info: os.name: 'Windows 10', os.arch: 'amd64', os.version: '10.0', java.version: '11.0.2'
Driver info: io.appium.java_client.android.AndroidDriver
Command: [f6af4892-9c51-4336-bfaa-771df47c4cbe, setTimeout {pageLoad=15000}]
Capabilities {appium:app: G:\final_project_mobile_wik..., appium:appActivity: org.wikipedia.main.MainActi..., appium:appPackage: org.wikipedia.alpha, appium:automationName: UIAutomator2, appium:databaseEnabled: false, appium:desired: {app: G:\final_project_mobile_wik..., appActivity: org.wikipedia.main.MainActi..., appPackage: org.wikipedia.alpha, automationName: UIAutomator2, deviceName: Pixel 4 API 30, platformName: android, platformVersion: 11.0}, appium:deviceApiLevel: 30, appium:deviceManufacturer: Google, appium:deviceModel: sdk_gphone_x86, appium:deviceName: emulator-5554, appium:deviceScreenDensity: 440, appium:deviceScreenSize: 1080x2280, appium:deviceUDID: emulator-5554, appium:javascriptEnabled: true, appium:locationContextEnabled: false, appium:networkConnectionEnabled: true, appium:pixelRatio: 2.75, appium:platformVersion: 11, appium:statBarHeight: 135, appium:takesScreenshot: true, appium:viewportRect: {height: 1842, left: 0, top: 135, width: 1080}, appium:warnings: {}, appium:webStorageEnabled: false, platformName: ANDROID}
Session ID: f6af4892-9c51-4336-bfaa-771df47c4cbe
[Test worker] INFO com.codeborne.selenide.webdriver.WebDriverFactory - BrowserName= Version= Platform=ANDROID
[Test worker] INFO com.codeborne.selenide.webdriver.WebDriverFactory - Selenide v. 6.11.2
[Test worker] INFO com.codeborne.selenide.webdriver.WebDriverFactory - Selenium WebDriver v. 4.8.0 build revision: 267030adea
[Test worker] INFO com.codeborne.selenide.drivercommands.CreateDriverCommand - Created webdriver in thread 1: AndroidDriver -> AndroidDriver:  on ANDROID (f6af4892-9c51-4336-bfaa-771df47c4cbe)
[Test worker] INFO com.codeborne.selenide.drivercommands.DisposablesRegistry - Register WebDriverInstance[config=StaticConfig,webDriver=AndroidDriver:  on ANDROID (f6af4892-9c51-4336-bfaa-771df47c4cbe),proxy=null,downloadsFolder=G:\final_project_mobile_wiki\build\downloads\1677754927446_4208_1] in 1 [size=1]
[Test worker] INFO com.codeborne.selenide.impl.FileHelper - Deleted empty folder: G:\final_project_mobile_wiki\build\downloads\1677754927446_4208_1
[Test worker] INFO com.codeborne.selenide.drivercommands.CloseDriverCommand - Close webdriver: 1 -> AndroidDriver:  on ANDROID (f6af4892-9c51-4336-bfaa-771df47c4cbe)...
[Test worker] INFO com.codeborne.selenide.drivercommands.CloseDriverCommand - Closed webdriver 1 in 239 ms
[Test worker] INFO com.codeborne.selenide.drivercommands.DisposablesRegistry - Unregister WebDriverInstance[config=StaticConfig,webDriver=AndroidDriver:  on ANDROID (null),proxy=null,downloadsFolder=G:\final_project_mobile_wiki\build\downloads\1677754927446_4208_1] in 1 [size=0]
[Test worker] INFO com.codeborne.selenide.impl.WebDriverThreadLocalContainer - No webdriver is bound to current thread: 1 - let's create a new webdriver
[Test worker] INFO com.codeborne.selenide.impl.FileHelper - Creating folder: G:\final_project_mobile_wiki\build\downloads\1677754940121_4208_1
[Test worker] INFO com.codeborne.selenide.webdriver.SelenideNettyClientFactory - Changed readTimeout from PT10M to PT10M
[Test worker] INFO com.codeborne.selenide.webdriver.WebDriverFactory - Failed to set page load timeout to 15000 ms: org.openqa.selenium.UnsupportedCommandException: {"value":{"error":"unknown method","message":"Not implemented yet for pageLoad.","stacktrace":"NotImplementedError: Not implemented yet for pageLoad.\n    at AndroidUiautomator2Driver.pageLoadTimeoutW3C (C:\\Program Files\\Appium Server GUI\\resources\\app\\node_modules\\appium\\node_modules\\appium-base-driver\\lib\\basedriver\\commands\\timeout.js:83:9)\n    at AndroidUiautomator2Driver.timeouts (C:\\Program Files\\Appium Server GUI\\resources\\app\\node_modules\\appium\\node_modules\\appium-base-driver\\lib\\basedriver\\commands\\timeout.js:40:16)\n    at commandExecutor (C:\\Program Files\\Appium Server GUI\\resources\\app\\node_modules\\appium\\node_modules\\appium-base-driver\\lib\\basedriver\\driver.js:335:9)\n    at C:\\Program Files\\Appium Server GUI\\resources\\app\\node_modules\\appium\\node_modules\\async-lock\\lib\\index.js:146:12\n    at AsyncLock._promiseTry (C:\\Program Files\\Appium Server GUI\\resources\\app\\node_modules\\appium\\node_modules\\async-lock\\lib\\index.js:280:31)\n    at exec (C:\\Program Files\\Appium Server GUI\\resources\\app\\node_modules\\appium\\node_modules\\async-lock\\lib\\index.js:145:9)\n    at AsyncLock.acquire (C:\\Program Files\\Appium Server GUI\\resources\\app\\node_modules\\appium\\node_modules\\async-lock\\lib\\index.js:162:3)\n    at AndroidUiautomator2Driver.executeCommand (C:\\Program Files\\Appium Server GUI\\resources\\app\\node_modules\\appium\\node_modules\\appium-base-driver\\lib\\basedriver\\driver.js:348:39)\n    at AppiumDriver.executeCommand (C:\\Program Files\\Appium Server GUI\\resources\\app\\node_modules\\appium\\lib\\appium.js:563:36)\n    at runMicrotasks (<anonymous>)\n    at processTicksAndRejections (internal/process/task_queues.js:97:5)\n    at asyncHandler (C:\\Program Files\\Appium Server GUI\\resources\\app\\node_modules\\appium\\node_modules\\appium-base-driver\\lib\\protocol\\protocol.js:297:21)"}}
Command duration or timeout: 4 milliseconds
Build info: version: '4.8.0', revision: '267030adea'
System info: os.name: 'Windows 10', os.arch: 'amd64', os.version: '10.0', java.version: '11.0.2'
Driver info: io.appium.java_client.android.AndroidDriver
Command: [989c015f-4c8f-4454-9354-5912eefa6493, setTimeout {pageLoad=15000}]
Capabilities {appium:app: G:\final_project_mobile_wik..., appium:appActivity: org.wikipedia.main.MainActi..., appium:appPackage: org.wikipedia.alpha, appium:automationName: UIAutomator2, appium:databaseEnabled: false, appium:desired: {app: G:\final_project_mobile_wik..., appActivity: org.wikipedia.main.MainActi..., appPackage: org.wikipedia.alpha, automationName: UIAutomator2, deviceName: Pixel 4 API 30, platformName: android, platformVersion: 11.0}, appium:deviceApiLevel: 30, appium:deviceManufacturer: Google, appium:deviceModel: sdk_gphone_x86, appium:deviceName: emulator-5554, appium:deviceScreenDensity: 440, appium:deviceScreenSize: 1080x2280, appium:deviceUDID: emulator-5554, appium:javascriptEnabled: true, appium:locationContextEnabled: false, appium:networkConnectionEnabled: true, appium:pixelRatio: 2.75, appium:platformVersion: 11, appium:statBarHeight: 135, appium:takesScreenshot: true, appium:viewportRect: {height: 1842, left: 0, top: 135, width: 1080}, appium:warnings: {}, appium:webStorageEnabled: false, platformName: ANDROID}
Session ID: 989c015f-4c8f-4454-9354-5912eefa6493
[Test worker] INFO com.codeborne.selenide.webdriver.WebDriverFactory - BrowserName= Version= Platform=ANDROID
[Test worker] INFO com.codeborne.selenide.webdriver.WebDriverFactory - Selenide v. 6.11.2
[Test worker] INFO com.codeborne.selenide.webdriver.WebDriverFactory - Selenium WebDriver v. 4.8.0 build revision: 267030adea
[Test worker] INFO com.codeborne.selenide.drivercommands.CreateDriverCommand - Created webdriver in thread 1: AndroidDriver -> AndroidDriver:  on ANDROID (989c015f-4c8f-4454-9354-5912eefa6493)
[Test worker] INFO com.codeborne.selenide.drivercommands.DisposablesRegistry - Register WebDriverInstance[config=StaticConfig,webDriver=AndroidDriver:  on ANDROID (989c015f-4c8f-4454-9354-5912eefa6493),proxy=null,downloadsFolder=G:\final_project_mobile_wiki\build\downloads\1677754940121_4208_1] in 1 [size=1]
[Test worker] INFO com.codeborne.selenide.impl.FileHelper - Deleted empty folder: G:\final_project_mobile_wiki\build\downloads\1677754940121_4208_1
[Test worker] INFO com.codeborne.selenide.drivercommands.CloseDriverCommand - Close webdriver: 1 -> AndroidDriver:  on ANDROID (989c015f-4c8f-4454-9354-5912eefa6493)...
[Test worker] INFO com.codeborne.selenide.drivercommands.CloseDriverCommand - Closed webdriver 1 in 192 ms
[Test worker] INFO com.codeborne.selenide.drivercommands.DisposablesRegistry - Unregister WebDriverInstance[config=StaticConfig,webDriver=AndroidDriver:  on ANDROID (null),proxy=null,downloadsFolder=G:\final_project_mobile_wiki\build\downloads\1677754940121_4208_1] in 1 [size=0]
]]></system-err>
</testsuite>
